<?xml version="1.0" encoding="UTF-8"?>
<!-- Generated by org.testng.reporters.JUnitReportReporter -->
<testsuite hostname="Morris-Swertzs-MacBook-Air.local" name="org.molgenis.ui.generators.TestHtmlFormGen" tests="1" failures="0" timestamp="1 Nov 2012 21:12:50 GMT" time="3.853" errors="0">
  <testcase name="test1" time="3.853" classname="org.molgenis.ui.generators.TestHtmlFormGen"/>
</testsuite> <!-- org.molgenis.ui.generators.TestHtmlFormGen -->
