<?xml version="1.0" encoding="UTF-8"?>
<!-- Generated by org.testng.reporters.JUnitReportReporter -->
<testsuite hostname="Morris-Swertzs-MacBook-Air.local" name="org.molgenis.db.generators.TestEntityGen" tests="1" failures="0" timestamp="1 Nov 2012 21:03:59 GMT" time="3.506" errors="0">
  <testcase name="test1" time="3.506" classname="org.molgenis.db.generators.TestEntityGen"/>
</testsuite> <!-- org.molgenis.db.generators.TestEntityGen -->
