<?xml version="1.0" encoding="UTF-8"?>
<!-- Generated by org.testng.reporters.JUnitReportReporter -->
<testsuite hostname="Morris-Swertzs-MacBook-Air.local" name="org.molgenis.generate.TestObjectModelDocGen" tests="1" failures="0" timestamp="30 Oct 2012 14:44:15 GMT" time="3.306" errors="0">
  <testcase name="test1" time="3.306" classname="org.molgenis.generate.TestObjectModelDocGen"/>
</testsuite> <!-- org.molgenis.generate.TestObjectModelDocGen -->
