<?xml version="1.0" encoding="UTF-8"?>
<!-- Generated by org.testng.reporters.JUnitReportReporter -->
<testsuite hostname="Morris-Swertzs-MacBook-Air.local" name="org.molgenis.model.MolgenisModelTest" tests="1" failures="0" timestamp="30 Oct 2012 16:08:52 GMT" time="0.552" errors="0">
  <testcase name="read" time="0.552" classname="org.molgenis.model.MolgenisModelTest"/>
</testsuite> <!-- org.molgenis.model.MolgenisModelTest -->
